{"/var/www/projects/danmat-warehouse/sales/src/config/config.ts": {"path":"/var/www/projects/danmat-warehouse/sales/src/config/config.ts","statementMap":{"0":{"start":{"line":1,"column":0},"end":{"line":1,"column":28}},"1":{"start":{"line":2,"column":0},"end":{"line":2,"column":24}},"2":{"start":{"line":4,"column":19},"end":{"line":4,"column":25}},"3":{"start":{"line":5,"column":0},"end":{"line":5,"column":59}},"4":{"start":{"line":7,"column":109},"end":{"line":7,"column":120}},"5":{"start":{"line":9,"column":22},"end":{"line":9,"column":62}},"6":{"start":{"line":10,"column":22},"end":{"line":10,"column":77}},"7":{"start":{"line":12,"column":0},"end":{"line":14,"column":2}}},"fnMap":{},"branchMap":{"0":{"loc":{"start":{"line":9,"column":22},"end":{"line":9,"column":62}},"type":"binary-expr","locations":[{"start":{"line":9,"column":22},"end":{"line":9,"column":47}},{"start":{"line":9,"column":51},"end":{"line":9,"column":62}}]},"1":{"loc":{"start":{"line":10,"column":22},"end":{"line":10,"column":77}},"type":"binary-expr","locations":[{"start":{"line":10,"column":22},"end":{"line":10,"column":69}},{"start":{"line":10,"column":73},"end":{"line":10,"column":77}}]}},"s":{"0":2,"1":2,"2":2,"3":2,"4":2,"5":2,"6":2,"7":2},"f":{},"b":{"0":[2,0],"1":[2,0]}}
,"/var/www/projects/danmat-warehouse/sales/src/config/data-source.ts": {"path":"/var/www/projects/danmat-warehouse/sales/src/config/data-source.ts","statementMap":{"0":{"start":{"line":1,"column":0},"end":{"line":1,"column":80}},"1":{"start":{"line":3,"column":0},"end":{"line":3,"column":30}},"2":{"start":{"line":4,"column":0},"end":{"line":4,"column":57}},"3":{"start":{"line":6,"column":51},"end":{"line":22,"column":2}},"4":{"start":{"line":15,"column":59},"end":{"line":15,"column":69}},"5":{"start":{"line":24,"column":0},"end":{"line":24,"column":39}}},"fnMap":{"0":{"name":"(anonymous_1)","decl":{"start":{"line":15,"column":50},"end":{"line":15,"column":51}},"loc":{"start":{"line":15,"column":59},"end":{"line":15,"column":69}}}},"branchMap":{},"s":{"0":1,"1":1,"2":1,"3":1,"4":2,"5":1},"f":{"0":2},"b":{}}
,"/var/www/projects/danmat-warehouse/sales/src/controller/authentication_controller.ts": {"path":"/var/www/projects/danmat-warehouse/sales/src/controller/authentication_controller.ts","statementMap":{"0":{"start":{"line":2,"column":0},"end":{"line":2,"column":48}},"1":{"start":{"line":4,"column":0},"end":{"line":4,"column":50}},"2":{"start":{"line":6,"column":0},"end":{"line":6,"column":70}},"3":{"start":{"line":24,"column":11},"end":{"line":48,"column":null}},"4":{"start":{"line":24,"column":110},"end":{"line":48,"column":null}},"5":{"start":{"line":25,"column":8},"end":{"line":47,"column":9}},"6":{"start":{"line":26,"column":40},"end":{"line":26,"column":52}},"7":{"start":{"line":27,"column":25},"end":{"line":27,"column":72}},"8":{"start":{"line":29,"column":12},"end":{"line":34,"column":13}},"9":{"start":{"line":30,"column":16},"end":{"line":33,"column":19}},"10":{"start":{"line":36,"column":12},"end":{"line":36,"column":58}},"11":{"start":{"line":38,"column":12},"end":{"line":41,"column":15}},"12":{"start":{"line":43,"column":12},"end":{"line":46,"column":15}},"13":{"start":{"line":14,"column":8},"end":{"line":14,"column":60}},"14":{"start":{"line":15,"column":8},"end":{"line":15,"column":70}},"15":{"start":{"line":51,"column":0},"end":{"line":51,"column":40}}},"fnMap":{"0":{"name":"(anonymous_8)","decl":{"start":{"line":13,"column":4},"end":{"line":13,"column":16}},"loc":{"start":{"line":13,"column":79},"end":{"line":16,"column":5}}},"1":{"name":"(anonymous_9)","decl":{"start":{"line":24,"column":19},"end":{"line":24,"column":25}},"loc":{"start":{"line":24,"column":110},"end":{"line":48,"column":null}}},"2":{"name":"(anonymous_10)","decl":{"start":{"line":24,"column":110},"end":{"line":24,"column":null}},"loc":{"start":{"line":24,"column":110},"end":{"line":48,"column":5}}}},"branchMap":{"0":{"loc":{"start":{"line":29,"column":12},"end":{"line":34,"column":13}},"type":"if","locations":[{"start":{"line":29,"column":12},"end":{"line":34,"column":13}},{"start":{},"end":{}}]},"1":{"loc":{"start":{"line":14,"column":27},"end":{"line":14,"column":59}},"type":"binary-expr","locations":[{"start":{"line":14,"column":27},"end":{"line":14,"column":38}},{"start":{"line":14,"column":42},"end":{"line":14,"column":59}}]},"2":{"loc":{"start":{"line":15,"column":27},"end":{"line":15,"column":69}},"type":"binary-expr","locations":[{"start":{"line":15,"column":27},"end":{"line":15,"column":38}},{"start":{"line":15,"column":42},"end":{"line":15,"column":69}}]}},"s":{"0":1,"1":1,"2":1,"3":3,"4":3,"5":3,"6":3,"7":3,"8":3,"9":1,"10":2,"11":1,"12":1,"13":3,"14":3,"15":1},"f":{"0":3,"1":3,"2":3},"b":{"0":[1,2],"1":[3,0],"2":[3,3]}}
,"/var/www/projects/danmat-warehouse/sales/src/database/entities/base_entity.ts": {"path":"/var/www/projects/danmat-warehouse/sales/src/database/entities/base_entity.ts","statementMap":{"0":{"start":{"line":1,"column":0},"end":{"line":1,"column":null}},"1":{"start":{"line":10,"column":3},"end":{"line":10,"column":null}},"2":{"start":{"line":13,"column":3},"end":{"line":13,"column":null}},"3":{"start":{"line":16,"column":3},"end":{"line":16,"column":null}},"4":{"start":{"line":19,"column":0},"end":{"line":19,"column":27}}},"fnMap":{},"branchMap":{},"s":{"0":1,"1":1,"2":1,"3":1,"4":1},"f":{},"b":{}}
,"/var/www/projects/danmat-warehouse/sales/src/database/entities/user.ts": {"path":"/var/www/projects/danmat-warehouse/sales/src/database/entities/user.ts","statementMap":{"0":{"start":{"line":1,"column":0},"end":{"line":1,"column":null}},"1":{"start":{"line":13,"column":0},"end":{"line":13,"column":40}},"2":{"start":{"line":14,"column":0},"end":{"line":14,"column":55}},"3":{"start":{"line":17,"column":0},"end":{"line":38,"column":null}},"4":{"start":{"line":22,"column":4},"end":{"line":22,"column":null}},"5":{"start":{"line":28,"column":4},"end":{"line":28,"column":null}},"6":{"start":{"line":34,"column":4},"end":{"line":34,"column":null}},"7":{"start":{"line":37,"column":4},"end":{"line":37,"column":null}},"8":{"start":{"line":36,"column":20},"end":{"line":36,"column":33}},"9":{"start":{"line":36,"column":54},"end":{"line":36,"column":72}},"10":{"start":{"line":17,"column":6},"end":{"line":38,"column":null}},"11":{"start":{"line":40,"column":0},"end":{"line":40,"column":20}}},"fnMap":{"0":{"name":"(anonymous_3)","decl":{"start":{"line":36,"column":14},"end":{"line":36,"column":17}},"loc":{"start":{"line":36,"column":20},"end":{"line":36,"column":33}}},"1":{"name":"(anonymous_4)","decl":{"start":{"line":36,"column":35},"end":{"line":36,"column":36}},"loc":{"start":{"line":36,"column":54},"end":{"line":36,"column":72}}}},"branchMap":{},"s":{"0":1,"1":1,"2":1,"3":1,"4":1,"5":1,"6":1,"7":1,"8":0,"9":0,"10":1,"11":1},"f":{"0":0,"1":0},"b":{}}
,"/var/www/projects/danmat-warehouse/sales/src/database/entities/user_authorization_token.ts": {"path":"/var/www/projects/danmat-warehouse/sales/src/database/entities/user_authorization_token.ts","statementMap":{"0":{"start":{"line":1,"column":0},"end":{"line":1,"column":78}},"1":{"start":{"line":2,"column":0},"end":{"line":2,"column":26}},"2":{"start":{"line":5,"column":0},"end":{"line":27,"column":null}},"3":{"start":{"line":15,"column":4},"end":{"line":15,"column":null}},"4":{"start":{"line":22,"column":4},"end":{"line":22,"column":null}},"5":{"start":{"line":26,"column":4},"end":{"line":26,"column":null}},"6":{"start":{"line":24,"column":20},"end":{"line":24,"column":24}},"7":{"start":{"line":24,"column":36},"end":{"line":24,"column":54}},"8":{"start":{"line":5,"column":6},"end":{"line":27,"column":null}},"9":{"start":{"line":29,"column":0},"end":{"line":29,"column":29}}},"fnMap":{"0":{"name":"(anonymous_3)","decl":{"start":{"line":24,"column":14},"end":{"line":24,"column":17}},"loc":{"start":{"line":24,"column":20},"end":{"line":24,"column":24}}},"1":{"name":"(anonymous_4)","decl":{"start":{"line":24,"column":26},"end":{"line":24,"column":27}},"loc":{"start":{"line":24,"column":36},"end":{"line":24,"column":54}}}},"branchMap":{},"s":{"0":1,"1":1,"2":1,"3":1,"4":1,"5":1,"6":0,"7":0,"8":1,"9":1},"f":{"0":0,"1":0},"b":{}}
,"/var/www/projects/danmat-warehouse/sales/src/database/repositories/user_repository.ts": {"path":"/var/www/projects/danmat-warehouse/sales/src/database/repositories/user_repository.ts","statementMap":{"0":{"start":{"line":2,"column":0},"end":{"line":2,"column":36}},"1":{"start":{"line":3,"column":0},"end":{"line":3,"column":50}},"2":{"start":{"line":10,"column":8},"end":{"line":10,"column":61}},"3":{"start":{"line":17,"column":21},"end":{"line":23,"column":10}},"4":{"start":{"line":25,"column":8},"end":{"line":25,"column":20}},"5":{"start":{"line":30,"column":0},"end":{"line":30,"column":30}}},"fnMap":{"0":{"name":"(anonymous_8)","decl":{"start":{"line":9,"column":4},"end":{"line":9,"column":null}},"loc":{"start":{"line":9,"column":4},"end":{"line":11,"column":5}}},"1":{"name":"(anonymous_9)","decl":{"start":{"line":16,"column":17},"end":{"line":16,"column":24}},"loc":{"start":{"line":16,"column":56},"end":{"line":26,"column":null}}}},"branchMap":{},"s":{"0":1,"1":1,"2":3,"3":0,"4":0,"5":1},"f":{"0":3,"1":0},"b":{}}
,"/var/www/projects/danmat-warehouse/sales/src/database/seeders/init.seeder.ts": {"path":"/var/www/projects/danmat-warehouse/sales/src/database/seeders/init.seeder.ts","statementMap":{"0":{"start":{"line":2,"column":0},"end":{"line":2,"column":55}},"1":{"start":{"line":3,"column":0},"end":{"line":3,"column":39}},"2":{"start":{"line":7,"column":8},"end":{"line":14,"column":10}},"3":{"start":{"line":18,"column":0},"end":{"line":18,"column":27}}},"fnMap":{"0":{"name":"(anonymous_8)","decl":{"start":{"line":6,"column":17},"end":{"line":6,"column":20}},"loc":{"start":{"line":6,"column":43},"end":{"line":15,"column":null}}}},"branchMap":{},"s":{"0":1,"1":1,"2":0,"3":1},"f":{"0":0},"b":{}}
,"/var/www/projects/danmat-warehouse/sales/src/database/seeders/user_seeder.ts": {"path":"/var/www/projects/danmat-warehouse/sales/src/database/seeders/user_seeder.ts","statementMap":{"0":{"start":{"line":3,"column":0},"end":{"line":3,"column":36}},"1":{"start":{"line":7,"column":31},"end":{"line":7,"column":61}},"2":{"start":{"line":9,"column":26},"end":{"line":13,"column":10}},"3":{"start":{"line":15,"column":9},"end":{"line":15,"column":40}},"4":{"start":{"line":19,"column":0},"end":{"line":19,"column":26}}},"fnMap":{"0":{"name":"(anonymous_8)","decl":{"start":{"line":6,"column":17},"end":{"line":6,"column":20}},"loc":{"start":{"line":6,"column":43},"end":{"line":16,"column":null}}}},"branchMap":{},"s":{"0":1,"1":0,"2":0,"3":0,"4":1},"f":{"0":0},"b":{}}
,"/var/www/projects/danmat-warehouse/sales/src/service/authentication_service.ts": {"path":"/var/www/projects/danmat-warehouse/sales/src/service/authentication_service.ts","statementMap":{"0":{"start":{"line":4,"column":0},"end":{"line":4,"column":39}},"1":{"start":{"line":7,"column":31},"end":{"line":7,"column":32}},"2":{"start":{"line":8,"column":23},"end":{"line":9,"column":null}},"3":{"start":{"line":11,"column":22},"end":{"line":15,"column":2}},"4":{"start":{"line":21,"column":8},"end":{"line":21,"column":57}},"5":{"start":{"line":27,"column":22},"end":{"line":27,"column":55}},"6":{"start":{"line":29,"column":8},"end":{"line":29,"column":53}},"7":{"start":{"line":33,"column":0},"end":{"line":33,"column":37}}},"fnMap":{"0":{"name":"(anonymous_1)","decl":{"start":{"line":20,"column":4},"end":{"line":20,"column":16}},"loc":{"start":{"line":20,"column":39},"end":{"line":22,"column":5}}},"1":{"name":"(anonymous_2)","decl":{"start":{"line":26,"column":11},"end":{"line":26,"column":23}},"loc":{"start":{"line":26,"column":55},"end":{"line":30,"column":5}}}},"branchMap":{"0":{"loc":{"start":{"line":21,"column":26},"end":{"line":21,"column":56}},"type":"binary-expr","locations":[{"start":{"line":21,"column":26},"end":{"line":21,"column":36}},{"start":{"line":21,"column":40},"end":{"line":21,"column":56}}]}},"s":{"0":2,"1":2,"2":2,"3":2,"4":6,"5":2,"6":2,"7":2},"f":{"0":6,"1":2},"b":{"0":[6,6]}}
,"/var/www/projects/danmat-warehouse/sales/src/service/jwt_service.ts": {"path":"/var/www/projects/danmat-warehouse/sales/src/service/jwt_service.ts","statementMap":{"0":{"start":{"line":2,"column":0},"end":{"line":2,"column":38}},"1":{"start":{"line":3,"column":0},"end":{"line":3,"column":43}},"2":{"start":{"line":6,"column":18},"end":{"line":6,"column":45}},"3":{"start":{"line":14,"column":23},"end":{"line":14,"column":27}},"4":{"start":{"line":15,"column":22},"end":{"line":18,"column":null}},"5":{"start":{"line":21,"column":8},"end":{"line":21,"column":21}},"6":{"start":{"line":25,"column":0},"end":{"line":25,"column":26}}},"fnMap":{"0":{"name":"(anonymous_1)","decl":{"start":{"line":13,"column":11},"end":{"line":13,"column":22}},"loc":{"start":{"line":13,"column":34},"end":{"line":22,"column":5}}}},"branchMap":{},"s":{"0":2,"1":2,"2":2,"3":3,"4":3,"5":3,"6":2},"f":{"0":3},"b":{}}
,"/var/www/projects/danmat-warehouse/sales/src/service/user_service.ts": {"path":"/var/www/projects/danmat-warehouse/sales/src/service/user_service.ts","statementMap":{"0":{"start":{"line":3,"column":0},"end":{"line":3,"column":70}},"1":{"start":{"line":20,"column":4},"end":{"line":22,"column":null}},"2":{"start":{"line":20,"column":79},"end":{"line":22,"column":null}},"3":{"start":{"line":21,"column":8},"end":{"line":21,"column":66}},"4":{"start":{"line":14,"column":8},"end":{"line":14,"column":69}},"5":{"start":{"line":25,"column":0},"end":{"line":25,"column":27}}},"fnMap":{"0":{"name":"(anonymous_8)","decl":{"start":{"line":13,"column":4},"end":{"line":13,"column":16}},"loc":{"start":{"line":13,"column":48},"end":{"line":15,"column":5}}},"1":{"name":"(anonymous_9)","decl":{"start":{"line":20,"column":14},"end":{"line":20,"column":21}},"loc":{"start":{"line":20,"column":79},"end":{"line":22,"column":null}}},"2":{"name":"(anonymous_10)","decl":{"start":{"line":20,"column":79},"end":{"line":20,"column":null}},"loc":{"start":{"line":20,"column":79},"end":{"line":22,"column":5}}}},"branchMap":{"0":{"loc":{"start":{"line":14,"column":30},"end":{"line":14,"column":68}},"type":"binary-expr","locations":[{"start":{"line":14,"column":30},"end":{"line":14,"column":44}},{"start":{"line":14,"column":48},"end":{"line":14,"column":68}}]}},"s":{"0":1,"1":3,"2":0,"3":0,"4":3,"5":1},"f":{"0":3,"1":0,"2":0},"b":{"0":[3,3]}}
}
