TN:
SF:src/config/config.ts
FNF:0
FNH:0
DA:1,2
DA:2,2
DA:4,2
DA:5,2
DA:7,2
DA:9,2
DA:10,2
DA:12,2
LF:8
LH:8
BRDA:9,0,0,2
BRDA:9,0,1,0
BRDA:10,1,0,2
BRDA:10,1,1,0
BRF:4
BRH:2
end_of_record
TN:
SF:src/config/data-source.ts
FN:15,(anonymous_1)
FNF:1
FNH:1
FNDA:2,(anonymous_1)
DA:1,1
DA:3,1
DA:4,1
DA:6,1
DA:15,2
DA:24,1
LF:6
LH:6
BRF:0
BRH:0
end_of_record
TN:
SF:src/controller/authentication_controller.ts
FN:13,(anonymous_8)
FN:24,(anonymous_9)
FN:24,(anonymous_10)
FNF:3
FNH:3
FNDA:3,(anonymous_8)
FNDA:3,(anonymous_9)
FNDA:3,(anonymous_10)
DA:2,1
DA:4,1
DA:6,1
DA:14,3
DA:15,3
DA:24,3
DA:25,3
DA:26,3
DA:27,3
DA:29,3
DA:30,1
DA:36,2
DA:38,1
DA:43,1
DA:51,1
LF:15
LH:15
BRDA:29,0,0,1
BRDA:29,0,1,2
BRDA:14,1,0,3
BRDA:14,1,1,0
BRDA:15,2,0,3
BRDA:15,2,1,3
BRF:6
BRH:5
end_of_record
TN:
SF:src/database/entities/base_entity.ts
FNF:0
FNH:0
DA:1,1
DA:10,1
DA:13,1
DA:16,1
DA:19,1
LF:5
LH:5
BRF:0
BRH:0
end_of_record
TN:
SF:src/database/entities/user.ts
FN:36,(anonymous_3)
FN:36,(anonymous_4)
FNF:2
FNH:0
FNDA:0,(anonymous_3)
FNDA:0,(anonymous_4)
DA:1,1
DA:13,1
DA:14,1
DA:17,1
DA:22,1
DA:28,1
DA:34,1
DA:36,0
DA:37,1
DA:40,1
LF:10
LH:9
BRF:0
BRH:0
end_of_record
TN:
SF:src/database/entities/user_authorization_token.ts
FN:24,(anonymous_3)
FN:24,(anonymous_4)
FNF:2
FNH:0
FNDA:0,(anonymous_3)
FNDA:0,(anonymous_4)
DA:1,1
DA:2,1
DA:5,1
DA:15,1
DA:22,1
DA:24,0
DA:26,1
DA:29,1
LF:8
LH:7
BRF:0
BRH:0
end_of_record
TN:
SF:src/database/repositories/user_repository.ts
FN:9,(anonymous_8)
FN:16,(anonymous_9)
FNF:2
FNH:1
FNDA:3,(anonymous_8)
FNDA:0,(anonymous_9)
DA:2,1
DA:3,1
DA:10,3
DA:17,0
DA:25,0
DA:30,1
LF:6
LH:4
BRF:0
BRH:0
end_of_record
TN:
SF:src/database/seeders/init.seeder.ts
FN:6,(anonymous_8)
FNF:1
FNH:0
FNDA:0,(anonymous_8)
DA:2,1
DA:3,1
DA:7,0
DA:18,1
LF:4
LH:3
BRF:0
BRH:0
end_of_record
TN:
SF:src/database/seeders/user_seeder.ts
FN:6,(anonymous_8)
FNF:1
FNH:0
FNDA:0,(anonymous_8)
DA:3,1
DA:7,0
DA:9,0
DA:15,0
DA:19,1
LF:5
LH:2
BRF:0
BRH:0
end_of_record
TN:
SF:src/service/authentication_service.ts
FN:20,(anonymous_1)
FN:26,(anonymous_2)
FNF:2
FNH:2
FNDA:6,(anonymous_1)
FNDA:2,(anonymous_2)
DA:4,2
DA:7,2
DA:8,2
DA:11,2
DA:21,6
DA:27,2
DA:29,2
DA:33,2
LF:8
LH:8
BRDA:21,0,0,6
BRDA:21,0,1,6
BRF:2
BRH:2
end_of_record
TN:
SF:src/service/jwt_service.ts
FN:13,(anonymous_1)
FNF:1
FNH:1
FNDA:3,(anonymous_1)
DA:2,2
DA:3,2
DA:6,2
DA:14,3
DA:15,3
DA:21,3
DA:25,2
LF:7
LH:7
BRF:0
BRH:0
end_of_record
TN:
SF:src/service/user_service.ts
FN:13,(anonymous_8)
FN:20,(anonymous_9)
FN:20,(anonymous_10)
FNF:3
FNH:1
FNDA:3,(anonymous_8)
FNDA:0,(anonymous_9)
FNDA:0,(anonymous_10)
DA:3,1
DA:14,3
DA:20,3
DA:21,0
DA:25,1
LF:5
LH:4
BRDA:14,0,0,3
BRDA:14,0,1,3
BRF:2
BRH:2
end_of_record
